\BOOKMARK [0][-]{section*.1}{Declaration}{}% 1
\BOOKMARK [0][-]{section*.2}{Acknowledgements}{}% 2
\BOOKMARK [0][-]{section*.3}{Abstract}{}% 3
\BOOKMARK [0][-]{chapter*.4}{Table of Contents}{}% 4
\BOOKMARK [0][-]{chapter*.5}{List of Figures}{}% 5
\BOOKMARK [0][-]{chapter*.6}{List of Tables}{}% 6
\BOOKMARK [0][-]{chapter*.6}{Nomenclature}{}% 7
\BOOKMARK [0][-]{chapter.1}{1 Introduction}{}% 8
\BOOKMARK [1][-]{section.1.1}{1.1 Background}{chapter.1}% 9
\BOOKMARK [1][-]{section.1.2}{1.2 Motivation}{chapter.1}% 10
\BOOKMARK [1][-]{section.1.3}{1.3 Objectives}{chapter.1}% 11
\BOOKMARK [1][-]{section.1.4}{1.4 Scope and Limitations}{chapter.1}% 12
\BOOKMARK [2][-]{subsection.1.4.1}{1.4.1 Focus}{section.1.4}% 13
\BOOKMARK [2][-]{subsection.1.4.2}{1.4.2 Scope}{section.1.4}% 14
\BOOKMARK [2][-]{subsection.1.4.3}{1.4.3 Limitations}{section.1.4}% 15
\BOOKMARK [1][-]{section.1.5}{1.5 Report Overview}{chapter.1}% 16
\BOOKMARK [0][-]{chapter.2}{2 Literature Review}{}% 17
\BOOKMARK [1][-]{section.2.1}{2.1 Synthetic Aperture Radar}{chapter.2}% 18
\BOOKMARK [2][-]{subsection.2.1.1}{2.1.1 Description}{section.2.1}% 19
\BOOKMARK [2][-]{subsection.2.1.2}{2.1.2 Relevance}{section.2.1}% 20
\BOOKMARK [1][-]{section.2.2}{2.2 The MSTAR Dataset}{chapter.2}% 21
\BOOKMARK [2][-]{subsection.2.2.1}{2.2.1 Description}{section.2.2}% 22
\BOOKMARK [2][-]{subsection.2.2.2}{2.2.2 Relevance}{section.2.2}% 23
\BOOKMARK [1][-]{section.2.3}{2.3 Classification}{chapter.2}% 24
\BOOKMARK [2][-]{subsection.2.3.1}{2.3.1 Nearest-Neighbour Classification}{section.2.3}% 25
\BOOKMARK [1][-]{section.2.4}{2.4 Deep Learning}{chapter.2}% 26
\BOOKMARK [2][-]{subsection.2.4.1}{2.4.1 Neural Networks}{section.2.4}% 27
\BOOKMARK [2][-]{subsection.2.4.2}{2.4.2 Multilayer Perceptron}{section.2.4}% 28
\BOOKMARK [1][-]{section.2.5}{2.5 Optimization and Training}{chapter.2}% 29
\BOOKMARK [2][-]{subsection.2.5.1}{2.5.1 Back-propagation}{section.2.5}% 30
\BOOKMARK [2][-]{subsection.2.5.2}{2.5.2 Hyper-parameters}{section.2.5}% 31
\BOOKMARK [1][-]{section.2.6}{2.6 Performance Evaluation}{chapter.2}% 32
\BOOKMARK [2][-]{subsection.2.6.1}{2.6.1 Separability Index}{section.2.6}% 33
\BOOKMARK [2][-]{subsection.2.6.2}{2.6.2 Training, Validation, and Testing}{section.2.6}% 34
\BOOKMARK [2][-]{subsection.2.6.3}{2.6.3 The Confusion Matrix}{section.2.6}% 35
\BOOKMARK [1][-]{section.2.7}{2.7 Hidden Layers}{chapter.2}% 36
\BOOKMARK [1][-]{section.2.8}{2.8 Logistic Regression}{chapter.2}% 37
\BOOKMARK [1][-]{section.2.9}{2.9 Dimensionality Reduction}{chapter.2}% 38
\BOOKMARK [2][-]{subsection.2.9.1}{2.9.1 PCA}{section.2.9}% 39
\BOOKMARK [0][-]{chapter.3}{3 Methodology}{}% 40
\BOOKMARK [1][-]{section.3.1}{3.1 K-Nearest Neighbour Classification}{chapter.3}% 41
\BOOKMARK [2][-]{subsection.3.1.1}{3.1.1 Implementation}{section.3.1}% 42
\BOOKMARK [1][-]{section.3.2}{3.2 Data Processing}{chapter.3}% 43
\BOOKMARK [1][-]{section.3.3}{3.3 Dimensionality Reduction}{chapter.3}% 44
\BOOKMARK [0][-]{chapter.4}{4 Design}{}% 45
\BOOKMARK [1][-]{section.4.1}{4.1 Design Context}{chapter.4}% 46
\BOOKMARK [1][-]{section.4.2}{4.2 Feasibility Study / Concept Exploration}{chapter.4}% 47
\BOOKMARK [1][-]{section.4.3}{4.3 Decomposition and Definition}{chapter.4}% 48
\BOOKMARK [2][-]{subsection.4.3.1}{4.3.1 Concept of Operations}{section.4.3}% 49
\BOOKMARK [2][-]{subsection.4.3.2}{4.3.2 System Requirements}{section.4.3}% 50
\BOOKMARK [2][-]{subsection.4.3.3}{4.3.3 High-Level Design}{section.4.3}% 51
\BOOKMARK [2][-]{subsection.4.3.4}{4.3.4 Detailed Design}{section.4.3}% 52
\BOOKMARK [2][-]{subsection.4.3.5}{4.3.5 Software Development and Implementation}{section.4.3}% 53
\BOOKMARK [1][-]{section.4.4}{4.4 Integration and Recomposition}{chapter.4}% 54
\BOOKMARK [2][-]{subsection.4.4.1}{4.4.1 Software Development and Implementation}{section.4.4}% 55
\BOOKMARK [2][-]{subsection.4.4.2}{4.4.2 Subsystem Verification}{section.4.4}% 56
\BOOKMARK [2][-]{subsection.4.4.3}{4.4.3 System Verification and Deployment}{section.4.4}% 57
\BOOKMARK [2][-]{subsection.4.4.4}{4.4.4 System Validation}{section.4.4}% 58
\BOOKMARK [2][-]{subsection.4.4.5}{4.4.5 Operations and Maintenance}{section.4.4}% 59
\BOOKMARK [2][-]{subsection.4.4.6}{4.4.6 Changes and Upgrades}{section.4.4}% 60
\BOOKMARK [2][-]{subsection.4.4.7}{4.4.7 Retirement / Replacement}{section.4.4}% 61
\BOOKMARK [0][-]{chapter.5}{5 Results}{}% 62
\BOOKMARK [1][-]{section.5.1}{5.1 KNN Results}{chapter.5}% 63
\BOOKMARK [1][-]{section.5.2}{5.2 Multilayer Perceptron Initial Results}{chapter.5}% 64
\BOOKMARK [2][-]{subsection.5.2.1}{5.2.1 Analysis}{section.5.2}% 65
\BOOKMARK [2][-]{subsection.5.2.2}{5.2.2 Performance Metrics}{section.5.2}% 66
\BOOKMARK [0][-]{chapter.6}{6 Conclusion}{}% 67
\BOOKMARK [0][-]{chapter*.30}{References}{}% 68
\BOOKMARK [0][-]{appendix.A}{A Progress Report}{}% 69
\BOOKMARK [1][-]{section.A.1}{A.1 Literature Review}{appendix.A}% 70
\BOOKMARK [1][-]{section.A.2}{A.2 Implementation}{appendix.A}% 71
\BOOKMARK [1][-]{section.A.3}{A.3 Areas of Focus}{appendix.A}% 72
